  SandboxApp.cpp
C:\Users\vitas\Desktop\Folders\secret_files\Visual Studio\c++\Hazel\Hazel\src\Hazel\Log.h(19,42): warning C4251: 'Hazel::Log::s_CoreLogger': class 'std::shared_ptr<spdlog::logger>' needs to have dll-interface to be used by clients of class 'Hazel::Log'
C:\Users\vitas\Desktop\Folders\secret_files\Visual Studio\c++\Hazel\Hazel\vendor\spdlog\include\spdlog\details\registry.h(34): message : see declaration of 'std::shared_ptr<spdlog::logger>'
C:\Users\vitas\Desktop\Folders\secret_files\Visual Studio\c++\Hazel\Hazel\src\Hazel\Log.h(20,42): warning C4251: 'Hazel::Log::s_ClientLogger': class 'std::shared_ptr<spdlog::logger>' needs to have dll-interface to be used by clients of class 'Hazel::Log'
C:\Users\vitas\Desktop\Folders\secret_files\Visual Studio\c++\Hazel\Hazel\vendor\spdlog\include\spdlog\details\registry.h(34): message : see declaration of 'std::shared_ptr<spdlog::logger>'
C:\Users\vitas\Desktop\Folders\secret_files\Visual Studio\c++\Hazel\Hazel\src\Hazel\Layer.h(22,15): warning C4251: 'Hazel::Layer::m_Name': class 'std::basic_string<char,std::char_traits<char>,std::allocator<char>>' needs to have dll-interface to be used by clients of class 'Hazel::Layer'
C:\Program Files (x86)\Microsoft Visual Studio\2019\Community\VC\Tools\MSVC\14.29.30133\include\xstring(4905): message : see declaration of 'std::basic_string<char,std::char_traits<char>,std::allocator<char>>'
C:\Users\vitas\Desktop\Folders\secret_files\Visual Studio\c++\Hazel\Hazel\src\Hazel\LayerStack.h(23,23): warning C4251: 'Hazel::LayerStack::m_Layers': class 'std::vector<Hazel::Layer *,std::allocator<Hazel::Layer *>>' needs to have dll-interface to be used by clients of class 'Hazel::LayerStack'
C:\Users\vitas\Desktop\Folders\secret_files\Visual Studio\c++\Hazel\Hazel\src\Hazel\LayerStack.h(19): message : see declaration of 'std::vector<Hazel::Layer *,std::allocator<Hazel::Layer *>>'
C:\Users\vitas\Desktop\Folders\secret_files\Visual Studio\c++\Hazel\Hazel\src\Hazel\LayerStack.h(24,33): warning C4251: 'Hazel::LayerStack::m_LayerInsert': class 'std::_Vector_iterator<std::_Vector_val<std::_Simple_types<_Ty>>>' needs to have dll-interface to be used by clients of class 'Hazel::LayerStack'
          with
          [
              _Ty=Hazel::Layer *
          ]
C:\Program Files (x86)\Microsoft Visual Studio\2019\Community\VC\Tools\MSVC\14.29.30133\include\vector(470): message : see declaration of 'std::_Vector_iterator<std::_Vector_val<std::_Simple_types<_Ty>>>'
          with
          [
              _Ty=Hazel::Layer *
          ]
C:\Users\vitas\Desktop\Folders\secret_files\Visual Studio\c++\Hazel\Hazel\src\Hazel\Application.h(29,27): warning C4251: 'Hazel::Application::m_Window': class 'std::unique_ptr<Hazel::Window,std::default_delete<Hazel::Window>>' needs to have dll-interface to be used by clients of class 'Hazel::Application'
C:\Users\vitas\Desktop\Folders\secret_files\Visual Studio\c++\Hazel\Hazel\src\Hazel\Application.h(29): message : see declaration of 'std::unique_ptr<Hazel::Window,std::default_delete<Hazel::Window>>'
  Sandbox.vcxproj -> C:\Users\vitas\Desktop\Folders\secret_files\Visual Studio\c++\Hazel\bin\Debug-windows-x86_64\Sandbox\Sandbox.exe
